Build started 7/21/2011 1:38:40 PM.
     1>Project "E:\School Stuff\Semester 4\Compilers\Assignment 3 - Symbol Table\vs_ass3\Ass3\Ass3\Ass3.vcxproj" on node 2 (build target(s)).
     1>InitializeBuildStatus:
         Touching "Debug\Ass3.unsuccessfulbuild".
       ClCompile:
         C:\Program Files\Microsoft Visual Studio 10.0\VC\bin\CL.exe /c /ZI /nologo /W3 /WX- /Od /Oy- /D WIN32 /D _DEBUG /D _CONSOLE /D _UNICODE /D UNICODE /Gm /EHsc /RTC1 /MDd /GS /fp:precise /Zc:wchar_t /Zc:forScope /Fo"Debug\\" /Fd"Debug\vc100.pdb" /Gd /TC /analyze- /errorReport:prompt "..\..\..\Ass3-Borland\SymbolTableTest.c"
         SymbolTableTest.c
       ManifestResourceCompile:
         All outputs are up-to-date.
       Link:
         C:\Program Files\Microsoft Visual Studio 10.0\VC\bin\link.exe /ERRORREPORT:PROMPT /OUT:"E:\School Stuff\Semester 4\Compilers\Assignment 3 - Symbol Table\vs_ass3\Ass3\Debug\Ass3.exe" /INCREMENTAL /NOLOGO kernel32.lib user32.lib gdi32.lib winspool.lib comdlg32.lib advapi32.lib shell32.lib ole32.lib oleaut32.lib uuid.lib odbc32.lib odbccp32.lib /MANIFEST /ManifestFile:"Debug\Ass3.exe.intermediate.manifest" /MANIFESTUAC:"level='asInvoker' uiAccess='false'" /DEBUG /PDB:"E:\School Stuff\Semester 4\Compilers\Assignment 3 - Symbol Table\vs_ass3\Ass3\Debug\Ass3.pdb" /SUBSYSTEM:CONSOLE /TLBID:1 /DYNAMICBASE /NXCOMPAT /IMPLIB:"E:\School Stuff\Semester 4\Compilers\Assignment 3 - Symbol Table\vs_ass3\Ass3\Debug\Ass3.lib" /MACHINE:X86 Debug\Ass3.exe.embed.manifest.res
         Debug\buffer.obj
         Debug\platy_tt.obj
         Debug\scanner.obj
         Debug\stable.obj
         Debug\SymbolTableTest.obj
     1>SymbolTableTest.obj : error LNK2005: _main already defined in platy_tt.obj
     1>E:\School Stuff\Semester 4\Compilers\Assignment 3 - Symbol Table\vs_ass3\Ass3\Debug\Ass3.exe : fatal error LNK1169: one or more multiply defined symbols found
     1>Done Building Project "E:\School Stuff\Semester 4\Compilers\Assignment 3 - Symbol Table\vs_ass3\Ass3\Ass3\Ass3.vcxproj" (build target(s)) -- FAILED.

Build FAILED.

Time Elapsed 00:00:12.04
